Play server process ID is 71990
DEBUG - JDBC URL = jdbc:pgsql://localhost/tveservicios2023_testnoviembre?protocol.message.size.max=500000000, Username = tve, partitions = 1, max (per partition) = 30, min (per partition) = 5, idle max age = 10 min, idle test period = 1 min, strategy = DEFAULT
INFO  - database [default] connected at jdbc:pgsql://localhost/tveservicios2023_testnoviembre?protocol.message.size.max=500000000




[0;1m[32mIniciando aplicación en modo Producción el 13-11-2023 a las 17:27:52:686[0m
[0;1m[32mEjecutable localizado en /home/epuente/playFramework/tve2023_testNoviembre/target/universal/stage[0m
[34m



CONSTRUCTOR Notificacion


[0m
[34m






    Desde classes.Notificacion.recargar ASYNC[0m
[34m    fpa2.size 2[0m
[34m    fpa.folio.estado.id:4[0m
[34m    fpa.folio.estado.id:5[0m
[34m    cc:null[0m
[34m    --- despues de ctacorreo[0m
[34m    se recargaron 5 registros[0m
INFO  - Application started (Prod)
INFO  - Listening for HTTP on /0:0:0:0:0:0:0:0:8087
...desde Application.autentica.
Ingresando Eduardo Puente García Ugalde
INFO  - rolActual:null
INFO  - rolActual:null
false
Desde Application.cambiarRol
usuario id 93
Se cambio aal rol: 132
INFO  - rolActual:132
INFO  - rolActual:null
true
desde redirecciona..................
roles->[1][100][132][133]
rolActual->132
>> ROL ACTUAL : 132 <<
desde ConfirmarVideoteca /tableroVideoTK  Mon Nov 13 18:28:25 CST 2023
DEBUG - desde VideotecaController.tablero
>> ROL ACTUAL : 132 <<
desde ConfirmarVideoteca /ajaxTableroVideoTK  Mon Nov 13 18:28:26 CST 2023
Desde VideotecaController.ajaxTablero
DEBUG - select extract ('Year' from TO_DATE(vc.fecha_produccion, 'DD-MM-YYYY')) anio,  count(*) valor from vtk_catalogo vc group by extract('Year' from TO_DATE(vc.fecha_produccion, 'DD-MM-YYYY')) order by extract('Year' from TO_DATE(vc.fecha_produccion, 'DD-MM-YYYY'))
Desde Application.cambiarRol
usuario id 93
Se cambio aal rol: 133
INFO  - rolActual:133
INFO  - rolActual:null
true
desde redirecciona..................
roles->[1][100][132][133]
rolActual->133
>> ROL ACTUAL : 133 <<
desde ConfirmarSupCatalogador /supervisor/catalogadores  Mon Nov 13 18:28:33 CST 2023
DEBUG - desde SupCatalogador.catalogo
>> ROL ACTUAL : 133 <<
desde ConfirmarSupCatalogador /supervisor/catalogadoresDTSS  Mon Nov 13 18:28:34 CST 2023
Desde SupCatalogador.listaDTSS............Mon Nov 13 18:28:34 CST 2023
parametros:GET /supervisor/catalogadoresDTSS?draw=1&columns%5B0%5D%5Bdata%5D=nombre&columns%5B0%5D%5Bname%5D=&columns%5B0%5D%5Bsearchable%5D=true&columns%5B0%5D%5Borderable%5D=true&columns%5B0%5D%5Bsearch%5D%5Bvalue%5D=&columns%5B0%5D%5Bsearch%5D%5Bregex%5D=false&columns%5B1%5D%5Bdata%5D=paterno&columns%5B1%5D%5Bname%5D=&columns%5B1%5D%5Bsearchable%5D=true&columns%5B1%5D%5Borderable%5D=true&columns%5B1%5D%5Bsearch%5D%5Bvalue%5D=&columns%5B1%5D%5Bsearch%5D%5Bregex%5D=false&columns%5B2%5D%5Bdata%5D=materno&columns%5B2%5D%5Bname%5D=&columns%5B2%5D%5Bsearchable%5D=true&columns%5B2%5D%5Borderable%5D=true&columns%5B2%5D%5Bsearch%5D%5Bvalue%5D=&columns%5B2%5D%5Bsearch%5D%5Bregex%5D=false&order%5B0%5D%5Bcolumn%5D=0&order%5B0%5D%5Bdir%5D=asc&start=0&length=5&search%5Bvalue%5D=&search%5Bregex%5D=false&_=1699921713713
parametros draw:1
parametros start:0
parametros length:5
parametros seach[value]:
parametros order[0][column]:0
parametros order[0][dir]:asc
DEBUG - totalCatalogadores 2



cadena 93,127


